<?xml version="1.0" encoding="UTF-8"?>
<coverage generated="1689712006727" clover="3.2.0">
  <project timestamp="1689712006727" name="All files">
    <metrics statements="112" coveredstatements="112" conditionals="11" coveredconditionals="10" methods="5" coveredmethods="5" elements="128" coveredelements="127" complexity="0" loc="112" ncloc="112" packages="5" files="5" classes="5"/>
    <package name="components.ArrowNav">
      <metrics statements="17" coveredstatements="17" conditionals="1" coveredconditionals="1" methods="1" coveredmethods="1"/>
      <file name="index.jsx" path="/home/manucoutinho/www/tecnocrias/src/components/ArrowNav/index.jsx">
        <metrics statements="17" coveredstatements="17" conditionals="1" coveredconditionals="1" methods="1" coveredmethods="1"/>
        <line num="1" count="1" type="stmt"/>
        <line num="2" count="1" type="stmt"/>
        <line num="3" count="1" type="stmt"/>
        <line num="4" count="1" type="stmt"/>
        <line num="5" count="1" type="cond" truecount="1" falsecount="0"/>
        <line num="6" count="2" type="stmt"/>
        <line num="7" count="2" type="stmt"/>
        <line num="8" count="2" type="stmt"/>
        <line num="9" count="2" type="stmt"/>
        <line num="10" count="2" type="stmt"/>
        <line num="11" count="2" type="stmt"/>
        <line num="12" count="2" type="stmt"/>
        <line num="13" count="2" type="stmt"/>
        <line num="14" count="1" type="stmt"/>
        <line num="15" count="1" type="stmt"/>
        <line num="16" count="1" type="stmt"/>
        <line num="17" count="1" type="stmt"/>
      </file>
    </package>
    <package name="components.Hero">
      <metrics statements="49" coveredstatements="49" conditionals="5" coveredconditionals="4" methods="1" coveredmethods="1"/>
      <file name="index.jsx" path="/home/manucoutinho/www/tecnocrias/src/components/Hero/index.jsx">
        <metrics statements="49" coveredstatements="49" conditionals="5" coveredconditionals="4" methods="1" coveredmethods="1"/>
        <line num="1" count="1" type="stmt"/>
        <line num="2" count="1" type="stmt"/>
        <line num="3" count="1" type="stmt"/>
        <line num="4" count="1" type="stmt"/>
        <line num="5" count="6" type="cond" truecount="1" falsecount="0"/>
        <line num="6" count="6" type="stmt"/>
        <line num="7" count="6" type="stmt"/>
        <line num="8" count="6" type="stmt"/>
        <line num="9" count="6" type="cond" truecount="1" falsecount="0"/>
        <line num="10" count="4" type="stmt"/>
        <line num="11" count="4" type="cond" truecount="1" falsecount="0"/>
        <line num="12" count="4" type="stmt"/>
        <line num="13" count="4" type="stmt"/>
        <line num="14" count="4" type="stmt"/>
        <line num="15" count="4" type="stmt"/>
        <line num="16" count="4" type="stmt"/>
        <line num="17" count="4" type="stmt"/>
        <line num="18" count="4" type="stmt"/>
        <line num="19" count="4" type="stmt"/>
        <line num="20" count="4" type="stmt"/>
        <line num="21" count="4" type="stmt"/>
        <line num="22" count="4" type="stmt"/>
        <line num="23" count="4" type="stmt"/>
        <line num="24" count="4" type="stmt"/>
        <line num="25" count="4" type="stmt"/>
        <line num="26" count="4" type="stmt"/>
        <line num="27" count="4" type="cond" truecount="1" falsecount="0"/>
        <line num="28" count="4" type="cond" truecount="0" falsecount="1"/>
        <line num="29" count="4" type="stmt"/>
        <line num="30" count="6" type="stmt"/>
        <line num="31" count="6" type="stmt"/>
        <line num="32" count="6" type="stmt"/>
        <line num="33" count="6" type="stmt"/>
        <line num="34" count="6" type="stmt"/>
        <line num="35" count="6" type="stmt"/>
        <line num="36" count="6" type="stmt"/>
        <line num="37" count="6" type="stmt"/>
        <line num="38" count="6" type="stmt"/>
        <line num="39" count="6" type="stmt"/>
        <line num="40" count="6" type="stmt"/>
        <line num="41" count="6" type="stmt"/>
        <line num="42" count="6" type="stmt"/>
        <line num="43" count="6" type="stmt"/>
        <line num="44" count="6" type="stmt"/>
        <line num="45" count="6" type="stmt"/>
        <line num="46" count="6" type="stmt"/>
        <line num="47" count="6" type="stmt"/>
        <line num="48" count="1" type="stmt"/>
        <line num="49" count="1" type="stmt"/>
      </file>
    </package>
    <package name="components.Logo">
      <metrics statements="9" coveredstatements="9" conditionals="1" coveredconditionals="1" methods="1" coveredmethods="1"/>
      <file name="index.jsx" path="/home/manucoutinho/www/tecnocrias/src/components/Logo/index.jsx">
        <metrics statements="9" coveredstatements="9" conditionals="1" coveredconditionals="1" methods="1" coveredmethods="1"/>
        <line num="1" count="1" type="stmt"/>
        <line num="2" count="1" type="stmt"/>
        <line num="3" count="1" type="cond" truecount="1" falsecount="0"/>
        <line num="4" count="2" type="stmt"/>
        <line num="5" count="2" type="stmt"/>
        <line num="6" count="2" type="stmt"/>
        <line num="7" count="2" type="stmt"/>
        <line num="8" count="2" type="stmt"/>
        <line num="9" count="2" type="stmt"/>
      </file>
    </package>
    <package name="components.Navbar">
      <metrics statements="30" coveredstatements="30" conditionals="4" coveredconditionals="4" methods="2" coveredmethods="2"/>
      <file name="index.jsx" path="/home/manucoutinho/www/tecnocrias/src/components/Navbar/index.jsx">
        <metrics statements="30" coveredstatements="30" conditionals="4" coveredconditionals="4" methods="2" coveredmethods="2"/>
        <line num="1" count="1" type="stmt"/>
        <line num="2" count="1" type="stmt"/>
        <line num="3" count="1" type="stmt"/>
        <line num="4" count="1" type="stmt"/>
        <line num="5" count="1" type="stmt"/>
        <line num="6" count="1" type="cond" truecount="1" falsecount="0"/>
        <line num="7" count="4" type="stmt"/>
        <line num="8" count="4" type="stmt"/>
        <line num="9" count="4" type="stmt"/>
        <line num="10" count="4" type="stmt"/>
        <line num="11" count="4" type="stmt"/>
        <line num="12" count="4" type="cond" truecount="1" falsecount="0"/>
        <line num="13" count="20" type="stmt"/>
        <line num="14" count="20" type="stmt"/>
        <line num="15" count="20" type="stmt"/>
        <line num="16" count="20" type="stmt"/>
        <line num="17" count="20" type="stmt"/>
        <line num="18" count="20" type="stmt"/>
        <line num="19" count="20" type="cond" truecount="2" falsecount="0"/>
        <line num="20" count="20" type="stmt"/>
        <line num="21" count="20" type="stmt"/>
        <line num="22" count="20" type="stmt"/>
        <line num="23" count="20" type="stmt"/>
        <line num="24" count="20" type="stmt"/>
        <line num="25" count="20" type="stmt"/>
        <line num="26" count="4" type="stmt"/>
        <line num="27" count="4" type="stmt"/>
        <line num="28" count="4" type="stmt"/>
        <line num="29" count="4" type="stmt"/>
        <line num="30" count="4" type="stmt"/>
      </file>
    </package>
    <package name="constants">
      <metrics statements="7" coveredstatements="7" conditionals="0" coveredconditionals="0" methods="0" coveredmethods="0"/>
      <file name="navigation.ts" path="/home/manucoutinho/www/tecnocrias/src/constants/navigation.ts">
        <metrics statements="7" coveredstatements="7" conditionals="0" coveredconditionals="0" methods="0" coveredmethods="0"/>
        <line num="1" count="1" type="stmt"/>
        <line num="2" count="1" type="stmt"/>
        <line num="3" count="1" type="stmt"/>
        <line num="4" count="1" type="stmt"/>
        <line num="5" count="1" type="stmt"/>
        <line num="6" count="1" type="stmt"/>
        <line num="7" count="1" type="stmt"/>
      </file>
    </package>
  </project>
</coverage>
